<?xml version="1.0" encoding="UTF-8"?>
<testsuites name="EmbededCode" time="0" tests="0" failures="0" errors="0">
   <testsuite name="EmbededCode" tests="0" failures="0" errors="0" time="0" timestamp="2018-09-27 15:20:06" hostname="Professional - User-PC" id="Test Suites/EmbededCode">
      <properties>
         <property name="deviceName" value=""/>
         <property name="devicePlatform" value=""/>
         <property name="logFolder" value="C:\\Repo\\Katalon_KVC\\KVC\\Reports\\EmbededCode\\20180927_151959"/>
         <property name="logFiles" value="C:\\Repo\\Katalon_KVC\\KVC\\Reports\\EmbededCode\\20180927_151959\\execution0.log"/>
         <property name="attachments" value=""/>
         <property name="hostName" value="Professional - User-PC"/>
         <property name="hostAddress" value="192.168.56.1"/>
         <property name="os" value="Windows 10 64bit"/>
         <property name="katalonVersion" value="5.7.1.1"/>
      </properties>
      <system-out><![CDATA[2018-09-27 15:20:06 - [TEST_SUITE][PASSED] - EmbededCode: null]]></system-out>
      <system-err><![CDATA[]]></system-err>
   </testsuite>
</testsuites>
